TN:
SF:src/app.ts
FN:5,buildServer
FN:8,(anonymous_1)
FN:26,(anonymous_2)
FNF:3
FNH:2
FNDA:1,buildServer
FNDA:0,(anonymous_1)
FNDA:4,(anonymous_2)
DA:6,1
DA:8,1
DA:10,1
DA:27,4
DA:28,4
DA:29,4
DA:30,4
DA:31,4
DA:32,2
DA:34,2
DA:44,1
LF:11
LH:11
BRDA:28,0,0,4
BRDA:28,0,1,0
BRDA:29,1,0,4
BRDA:29,1,1,0
BRDA:31,2,0,2
BRDA:31,2,1,2
BRF:6
BRH:4
end_of_record
TN:
SF:src/capacity.ts
FN:28,selectVersion
FNF:1
FNH:1
FNDA:4,selectVersion
DA:9,1
DA:29,4
DA:30,4
DA:31,82
DA:32,2
DA:35,2
LF:6
LH:6
BRDA:28,0,0,4
BRDA:31,1,0,2
BRDA:31,1,1,80
BRF:3
BRH:3
end_of_record
