TN:
SF:src/app.ts
FN:5,buildServer
FN:8,(anonymous_1)
FN:26,(anonymous_2)
FNF:3
FNH:2
FNDA:3,buildServer
FNDA:0,(anonymous_1)
FNDA:508,(anonymous_2)
DA:6,3
DA:8,3
DA:10,3
DA:27,508
DA:28,508
DA:29,508
DA:30,508
DA:31,508
DA:32,2
DA:34,506
DA:44,3
LF:11
LH:11
BRDA:28,0,0,508
BRDA:28,0,1,0
BRDA:29,1,0,508
BRDA:29,1,1,0
BRDA:31,2,0,2
BRDA:31,2,1,506
BRF:6
BRH:4
end_of_record
TN:
SF:src/capacity.ts
FN:28,selectVersion
FNF:1
FNH:1
FNDA:525,selectVersion
DA:9,4
DA:29,525
DA:30,525
DA:31,881
DA:32,519
DA:35,6
LF:6
LH:6
BRDA:28,0,0,525
BRDA:31,1,0,519
BRDA:31,1,1,362
BRF:3
BRH:3
end_of_record
